<?xml version="1.0" encoding="UTF-8"?>
<!-- Generated by org.testng.reporters.JUnitReportReporter -->
<testsuite hostname="DESKTOP-EL1FF7J" failures="0" tests="2" name="qaClickAcademy.RESTAPITest" time="0.015" errors="0" timestamp="2020-07-14T19:00:41 IST" skipped="0">
  <testcase classname="qaClickAcademy.RESTAPITest" name="postJira" time="0.015"/>
  <system-out/>
  <testcase classname="qaClickAcademy.RESTAPITest" name="deleteTwitter" time="0.000"/>
  <system-out/>
</testsuite> <!-- qaClickAcademy.RESTAPITest -->
