<?xml version="1.0" encoding="UTF-8"?>
<!-- Generated by org.testng.reporters.JUnitReportReporter -->
<testsuite hostname="DESKTOP-EL1FF7J" failures="0" tests="2" name="qaClickAcademy.AppiumTest" time="0.110" errors="0" timestamp="2020-07-14T19:00:41 IST" skipped="0">
  <testcase classname="qaClickAcademy.AppiumTest" name="NativeAppAndroid" time="0.063"/>
  <system-out/>
  <testcase classname="qaClickAcademy.AppiumTest" name="IOSApps" time="0.047"/>
  <system-out/>
</testsuite> <!-- qaClickAcademy.AppiumTest -->
