<?xml version="1.0" encoding="UTF-8"?>
<!-- Generated by org.testng.reporters.JUnitReportReporter -->
<testsuite hostname="DESKTOP-EL1FF7J" failures="0" tests="2" name="qaClickAcademy.SeleniumTest" time="0.036" errors="0" timestamp="2020-07-14T19:00:41 IST" skipped="0">
  <testcase classname="qaClickAcademy.SeleniumTest" name="elementsUi" time="0.018"/>
  <system-out/>
  <testcase classname="qaClickAcademy.SeleniumTest" name="BrowserAutomation" time="0.018"/>
  <system-out/>
</testsuite> <!-- qaClickAcademy.SeleniumTest -->
